You are using YYP Maker v1.1.2, released in 11-04-2021



[11-06-2021 16:30:17] Initialized GameMaker Project: gmtk-2021.yyp
[11-06-2021 16:30:17] Current parent directory: C:/Users/charl/Desktop/gmtk/src/gmtk-2021/animcurves
[11-06-2021 16:30:17] Current parent directory: C:/Users/charl/Desktop/gmtk/src/gmtk-2021/datafiles
[11-06-2021 16:30:17] Current parent directory: C:/Users/charl/Desktop/gmtk/src/gmtk-2021/extensions
[11-06-2021 16:30:17] Current parent directory: C:/Users/charl/Desktop/gmtk/src/gmtk-2021/fonts
[11-06-2021 16:30:17] Current parent directory: C:/Users/charl/Desktop/gmtk/src/gmtk-2021/notes
[11-06-2021 16:30:17] Current parent directory: C:/Users/charl/Desktop/gmtk/src/gmtk-2021/objects
[11-06-2021 16:30:17] Checking sayoris_job
[11-06-2021 16:30:17] Directory: C:/Users/charl/Desktop/gmtk/src/gmtk-2021/objects/sayoris_job
[11-06-2021 16:30:17] Checking obj_wall
[11-06-2021 16:30:17] Directory: C:/Users/charl/Desktop/gmtk/src/gmtk-2021/objects/obj_wall
[11-06-2021 16:30:17] Checking obj_unit_tests
[11-06-2021 16:30:17] Directory: C:/Users/charl/Desktop/gmtk/src/gmtk-2021/objects/obj_unit_tests
[11-06-2021 16:30:17] Checking obj_staticparent
[11-06-2021 16:30:17] Directory: C:/Users/charl/Desktop/gmtk/src/gmtk-2021/objects/obj_staticparent
[11-06-2021 16:30:17] Checking obj_old_useless_menu_controller
[11-06-2021 16:30:17] Directory: C:/Users/charl/Desktop/gmtk/src/gmtk-2021/objects/obj_old_useless_menu_controller
[11-06-2021 16:30:17] Checking obj_menu_button_game_end
[11-06-2021 16:30:17] Directory: C:/Users/charl/Desktop/gmtk/src/gmtk-2021/objects/obj_menu_button_game_end
[11-06-2021 16:30:17] Checking obj_golf_kart
[11-06-2021 16:30:17] Directory: C:/Users/charl/Desktop/gmtk/src/gmtk-2021/objects/obj_golf_kart
[11-06-2021 16:30:17] Checking obj_dynamicparent
[11-06-2021 16:30:17] Directory: C:/Users/charl/Desktop/gmtk/src/gmtk-2021/objects/obj_dynamicparent
[11-06-2021 16:30:17] Checking gui_bars
[11-06-2021 16:30:17] Directory: C:/Users/charl/Desktop/gmtk/src/gmtk-2021/objects/gui_bars
[11-06-2021 16:30:17] Current parent directory: C:/Users/charl/Desktop/gmtk/src/gmtk-2021/objects/gui_bars
[11-06-2021 16:30:17] Checking gui_bars.yy
[11-06-2021 16:30:17] Parsing C:/Users/charl/Desktop/gmtk/src/gmtk-2021/objects/gui_bars/gui_bars.yy
[11-06-2021 16:30:17] Reading C:/Users/charl/Desktop/gmtk/src/gmtk-2021/objects/gui_bars/gui_bars.yy
[11-06-2021 16:30:17] Par: "folders/Objects" at dir: "C:/Users/charl/Desktop/gmtk/src/gmtk-2021/objects/gui_bars/gui_bars.yy"
[11-06-2021 16:30:17] Found Object: gui_bars
[11-06-2021 16:30:17] Checking Draw_0.gml
[11-06-2021 16:30:17] Checking Create_0.gml
[11-06-2021 16:30:17] Current parent directory: C:/Users/charl/Desktop/gmtk/src/gmtk-2021/objects/obj_dynamicparent
[11-06-2021 16:30:17] Checking obj_dynamicparent.yy
[11-06-2021 16:30:17] Parsing C:/Users/charl/Desktop/gmtk/src/gmtk-2021/objects/obj_dynamicparent/obj_dynamicparent.yy
[11-06-2021 16:30:17] Reading C:/Users/charl/Desktop/gmtk/src/gmtk-2021/objects/obj_dynamicparent/obj_dynamicparent.yy
[11-06-2021 16:30:17] Par: "folders/Objects/physics" at dir: "C:/Users/charl/Desktop/gmtk/src/gmtk-2021/objects/obj_dynamicparent/obj_dynamicparent.yy"
[11-06-2021 16:30:17] Found Object: obj_dynamicparent
[11-06-2021 16:30:17] Current parent directory: C:/Users/charl/Desktop/gmtk/src/gmtk-2021/objects/obj_golf_kart
[11-06-2021 16:30:17] Checking obj_golf_kart.yy
[11-06-2021 16:30:17] Parsing C:/Users/charl/Desktop/gmtk/src/gmtk-2021/objects/obj_golf_kart/obj_golf_kart.yy
[11-06-2021 16:30:17] Reading C:/Users/charl/Desktop/gmtk/src/gmtk-2021/objects/obj_golf_kart/obj_golf_kart.yy
[11-06-2021 16:30:17] Par: "folders/Objects" at dir: "C:/Users/charl/Desktop/gmtk/src/gmtk-2021/objects/obj_golf_kart/obj_golf_kart.yy"
[11-06-2021 16:30:17] Found Object: obj_golf_kart
[11-06-2021 16:30:17] Checking Draw_0.gml
[11-06-2021 16:30:17] Checking Create_0.gml
[11-06-2021 16:30:17] Current parent directory: C:/Users/charl/Desktop/gmtk/src/gmtk-2021/objects/obj_menu_button_game_end
[11-06-2021 16:30:17] Checking obj_menu_button_game_end.yy
[11-06-2021 16:30:17] Parsing C:/Users/charl/Desktop/gmtk/src/gmtk-2021/objects/obj_menu_button_game_end/obj_menu_button_game_end.yy
[11-06-2021 16:30:17] Reading C:/Users/charl/Desktop/gmtk/src/gmtk-2021/objects/obj_menu_button_game_end/obj_menu_button_game_end.yy
[11-06-2021 16:30:17] Par: "folders/Objects" at dir: "C:/Users/charl/Desktop/gmtk/src/gmtk-2021/objects/obj_menu_button_game_end/obj_menu_button_game_end.yy"
[11-06-2021 16:30:17] Found Object: obj_menu_button_game_end
[11-06-2021 16:30:17] Checking Mouse_4.gml
[11-06-2021 16:30:17] Current parent directory: C:/Users/charl/Desktop/gmtk/src/gmtk-2021/objects/obj_old_useless_menu_controller
[11-06-2021 16:30:17] Checking obj_old_useless_menu_controller.yy
[11-06-2021 16:30:17] Parsing C:/Users/charl/Desktop/gmtk/src/gmtk-2021/objects/obj_old_useless_menu_controller/obj_old_useless_menu_controller.yy
[11-06-2021 16:30:17] Reading C:/Users/charl/Desktop/gmtk/src/gmtk-2021/objects/obj_old_useless_menu_controller/obj_old_useless_menu_controller.yy
[11-06-2021 16:30:17] Par: "folders/Objects" at dir: "C:/Users/charl/Desktop/gmtk/src/gmtk-2021/objects/obj_old_useless_menu_controller/obj_old_useless_menu_controller.yy"
[11-06-2021 16:30:17] Found Object: obj_old_useless_menu_controller
[11-06-2021 16:30:17] Checking Draw_0.gml
[11-06-2021 16:30:17] Checking Create_0.gml
[11-06-2021 16:30:17] Current parent directory: C:/Users/charl/Desktop/gmtk/src/gmtk-2021/objects/obj_staticparent
[11-06-2021 16:30:17] Checking obj_staticparent.yy
[11-06-2021 16:30:17] Parsing C:/Users/charl/Desktop/gmtk/src/gmtk-2021/objects/obj_staticparent/obj_staticparent.yy
[11-06-2021 16:30:17] Reading C:/Users/charl/Desktop/gmtk/src/gmtk-2021/objects/obj_staticparent/obj_staticparent.yy
[11-06-2021 16:30:17] Par: "folders/Objects/physics" at dir: "C:/Users/charl/Desktop/gmtk/src/gmtk-2021/objects/obj_staticparent/obj_staticparent.yy"
[11-06-2021 16:30:17] Found Object: obj_staticparent
[11-06-2021 16:30:17] Current parent directory: C:/Users/charl/Desktop/gmtk/src/gmtk-2021/objects/obj_unit_tests
[11-06-2021 16:30:17] Checking obj_unit_tests.yy
[11-06-2021 16:30:17] Parsing C:/Users/charl/Desktop/gmtk/src/gmtk-2021/objects/obj_unit_tests/obj_unit_tests.yy
[11-06-2021 16:30:17] Reading C:/Users/charl/Desktop/gmtk/src/gmtk-2021/objects/obj_unit_tests/obj_unit_tests.yy
[11-06-2021 16:30:17] Par: "folders/Objects" at dir: "C:/Users/charl/Desktop/gmtk/src/gmtk-2021/objects/obj_unit_tests/obj_unit_tests.yy"
[11-06-2021 16:30:17] Found Object: obj_unit_tests
[11-06-2021 16:30:17] Checking Create_0.gml
[11-06-2021 16:30:17] Current parent directory: C:/Users/charl/Desktop/gmtk/src/gmtk-2021/objects/obj_wall
[11-06-2021 16:30:17] Checking obj_wall.yy
[11-06-2021 16:30:17] Parsing C:/Users/charl/Desktop/gmtk/src/gmtk-2021/objects/obj_wall/obj_wall.yy
[11-06-2021 16:30:17] Reading C:/Users/charl/Desktop/gmtk/src/gmtk-2021/objects/obj_wall/obj_wall.yy
[11-06-2021 16:30:17] Par: "folders/Objects/physics" at dir: "C:/Users/charl/Desktop/gmtk/src/gmtk-2021/objects/obj_wall/obj_wall.yy"
[11-06-2021 16:30:17] Found Object: obj_wall
[11-06-2021 16:30:17] Checking Create_0.gml
[11-06-2021 16:30:17] Current parent directory: C:/Users/charl/Desktop/gmtk/src/gmtk-2021/objects/sayoris_job
[11-06-2021 16:30:17] Checking sayoris_job.yy
[11-06-2021 16:30:17] Parsing C:/Users/charl/Desktop/gmtk/src/gmtk-2021/objects/sayoris_job/sayoris_job.yy
[11-06-2021 16:30:17] Reading C:/Users/charl/Desktop/gmtk/src/gmtk-2021/objects/sayoris_job/sayoris_job.yy
[11-06-2021 16:30:17] Par: "folders/Objects" at dir: "C:/Users/charl/Desktop/gmtk/src/gmtk-2021/objects/sayoris_job/sayoris_job.yy"
[11-06-2021 16:30:17] Found Object: sayoris_job
[11-06-2021 16:30:17] Checking Create_0.gml
[11-06-2021 16:30:17] Current parent directory: C:/Users/charl/Desktop/gmtk/src/gmtk-2021/options
[11-06-2021 16:30:17] Checking windows
[11-06-2021 16:30:17] Directory: C:/Users/charl/Desktop/gmtk/src/gmtk-2021/options/windows
[11-06-2021 16:30:17] Checking tvos
[11-06-2021 16:30:17] Directory: C:/Users/charl/Desktop/gmtk/src/gmtk-2021/options/tvos
[11-06-2021 16:30:17] Checking main
[11-06-2021 16:30:17] Directory: C:/Users/charl/Desktop/gmtk/src/gmtk-2021/options/main
[11-06-2021 16:30:17] Checking mac
[11-06-2021 16:30:17] Directory: C:/Users/charl/Desktop/gmtk/src/gmtk-2021/options/mac
[11-06-2021 16:30:17] Checking linux
[11-06-2021 16:30:17] Directory: C:/Users/charl/Desktop/gmtk/src/gmtk-2021/options/linux
[11-06-2021 16:30:17] Checking ios
[11-06-2021 16:30:17] Directory: C:/Users/charl/Desktop/gmtk/src/gmtk-2021/options/ios
[11-06-2021 16:30:17] Checking html5
[11-06-2021 16:30:17] Directory: C:/Users/charl/Desktop/gmtk/src/gmtk-2021/options/html5
[11-06-2021 16:30:17] Checking android
[11-06-2021 16:30:17] Directory: C:/Users/charl/Desktop/gmtk/src/gmtk-2021/options/android
[11-06-2021 16:30:17] Current parent directory: C:/Users/charl/Desktop/gmtk/src/gmtk-2021/options/android
[11-06-2021 16:30:17] Checking options_android.yy
[11-06-2021 16:30:17] Parsing C:/Users/charl/Desktop/gmtk/src/gmtk-2021/options/android/options_android.yy
[11-06-2021 16:30:17] Reading C:/Users/charl/Desktop/gmtk/src/gmtk-2021/options/android/options_android.yy
[11-06-2021 16:30:17] Current parent directory: C:/Users/charl/Desktop/gmtk/src/gmtk-2021/options/html5
[11-06-2021 16:30:17] Checking options_html5.yy
[11-06-2021 16:30:17] Parsing C:/Users/charl/Desktop/gmtk/src/gmtk-2021/options/html5/options_html5.yy
[11-06-2021 16:30:17] Reading C:/Users/charl/Desktop/gmtk/src/gmtk-2021/options/html5/options_html5.yy
[11-06-2021 16:30:17] Current parent directory: C:/Users/charl/Desktop/gmtk/src/gmtk-2021/options/ios
[11-06-2021 16:30:17] Checking options_ios.yy
[11-06-2021 16:30:17] Parsing C:/Users/charl/Desktop/gmtk/src/gmtk-2021/options/ios/options_ios.yy
[11-06-2021 16:30:17] Reading C:/Users/charl/Desktop/gmtk/src/gmtk-2021/options/ios/options_ios.yy
[11-06-2021 16:30:17] Current parent directory: C:/Users/charl/Desktop/gmtk/src/gmtk-2021/options/linux
[11-06-2021 16:30:17] Checking options_linux.yy
[11-06-2021 16:30:17] Parsing C:/Users/charl/Desktop/gmtk/src/gmtk-2021/options/linux/options_linux.yy
[11-06-2021 16:30:17] Reading C:/Users/charl/Desktop/gmtk/src/gmtk-2021/options/linux/options_linux.yy
[11-06-2021 16:30:17] Current parent directory: C:/Users/charl/Desktop/gmtk/src/gmtk-2021/options/mac
[11-06-2021 16:30:17] Checking options_mac.yy
[11-06-2021 16:30:17] Parsing C:/Users/charl/Desktop/gmtk/src/gmtk-2021/options/mac/options_mac.yy
[11-06-2021 16:30:17] Reading C:/Users/charl/Desktop/gmtk/src/gmtk-2021/options/mac/options_mac.yy
[11-06-2021 16:30:17] Current parent directory: C:/Users/charl/Desktop/gmtk/src/gmtk-2021/options/main
[11-06-2021 16:30:17] Checking options_main.yy
[11-06-2021 16:30:17] Parsing C:/Users/charl/Desktop/gmtk/src/gmtk-2021/options/main/options_main.yy
[11-06-2021 16:30:17] Reading C:/Users/charl/Desktop/gmtk/src/gmtk-2021/options/main/options_main.yy
[11-06-2021 16:30:17] Current parent directory: C:/Users/charl/Desktop/gmtk/src/gmtk-2021/options/tvos
[11-06-2021 16:30:17] Checking options_tvos.yy
[11-06-2021 16:30:17] Parsing C:/Users/charl/Desktop/gmtk/src/gmtk-2021/options/tvos/options_tvos.yy
[11-06-2021 16:30:17] Reading C:/Users/charl/Desktop/gmtk/src/gmtk-2021/options/tvos/options_tvos.yy
[11-06-2021 16:30:17] Current parent directory: C:/Users/charl/Desktop/gmtk/src/gmtk-2021/options/windows
[11-06-2021 16:30:17] Checking options_windows.yy
[11-06-2021 16:30:17] Parsing C:/Users/charl/Desktop/gmtk/src/gmtk-2021/options/windows/options_windows.yy
[11-06-2021 16:30:17] Reading C:/Users/charl/Desktop/gmtk/src/gmtk-2021/options/windows/options_windows.yy
[11-06-2021 16:30:17] Current parent directory: C:/Users/charl/Desktop/gmtk/src/gmtk-2021/paths
[11-06-2021 16:30:17] Current parent directory: C:/Users/charl/Desktop/gmtk/src/gmtk-2021/rooms
[11-06-2021 16:30:17] Checking Room1
[11-06-2021 16:30:17] Directory: C:/Users/charl/Desktop/gmtk/src/gmtk-2021/rooms/Room1
[11-06-2021 16:30:17] Checking rom_menu
[11-06-2021 16:30:17] Directory: C:/Users/charl/Desktop/gmtk/src/gmtk-2021/rooms/rom_menu
[11-06-2021 16:30:17] Checking rm_unit_tests
[11-06-2021 16:30:17] Directory: C:/Users/charl/Desktop/gmtk/src/gmtk-2021/rooms/rm_unit_tests
[11-06-2021 16:30:17] Checking gameplay_testing
[11-06-2021 16:30:17] Directory: C:/Users/charl/Desktop/gmtk/src/gmtk-2021/rooms/gameplay_testing
[11-06-2021 16:30:17] Current parent directory: C:/Users/charl/Desktop/gmtk/src/gmtk-2021/rooms/gameplay_testing
[11-06-2021 16:30:17] Checking gameplay_testing.yy
[11-06-2021 16:30:17] Parsing C:/Users/charl/Desktop/gmtk/src/gmtk-2021/rooms/gameplay_testing/gameplay_testing.yy
[11-06-2021 16:30:17] Reading C:/Users/charl/Desktop/gmtk/src/gmtk-2021/rooms/gameplay_testing/gameplay_testing.yy
[11-06-2021 16:30:17] Par: "folders/Rooms" at dir: "C:/Users/charl/Desktop/gmtk/src/gmtk-2021/rooms/gameplay_testing/gameplay_testing.yy"
[11-06-2021 16:30:17] Found Room: gameplay_testing
[11-06-2021 16:30:17] Current parent directory: C:/Users/charl/Desktop/gmtk/src/gmtk-2021/rooms/rm_unit_tests
[11-06-2021 16:30:17] Checking rm_unit_tests.yy
[11-06-2021 16:30:17] Parsing C:/Users/charl/Desktop/gmtk/src/gmtk-2021/rooms/rm_unit_tests/rm_unit_tests.yy
[11-06-2021 16:30:17] Reading C:/Users/charl/Desktop/gmtk/src/gmtk-2021/rooms/rm_unit_tests/rm_unit_tests.yy
[11-06-2021 16:30:17] Par: "folders/Rooms" at dir: "C:/Users/charl/Desktop/gmtk/src/gmtk-2021/rooms/rm_unit_tests/rm_unit_tests.yy"
[11-06-2021 16:30:17] Found Room: rm_unit_tests
[11-06-2021 16:30:17] Current parent directory: C:/Users/charl/Desktop/gmtk/src/gmtk-2021/rooms/rom_menu
[11-06-2021 16:30:17] Checking rom_menu.yy
[11-06-2021 16:30:17] Parsing C:/Users/charl/Desktop/gmtk/src/gmtk-2021/rooms/rom_menu/rom_menu.yy
[11-06-2021 16:30:17] Reading C:/Users/charl/Desktop/gmtk/src/gmtk-2021/rooms/rom_menu/rom_menu.yy
[11-06-2021 16:30:17] Par: "folders/Rooms" at dir: "C:/Users/charl/Desktop/gmtk/src/gmtk-2021/rooms/rom_menu/rom_menu.yy"
[11-06-2021 16:30:17] Found Room: rom_menu
[11-06-2021 16:30:17] Current parent directory: C:/Users/charl/Desktop/gmtk/src/gmtk-2021/rooms/Room1
[11-06-2021 16:30:17] Checking Room1.yy
[11-06-2021 16:30:17] Parsing C:/Users/charl/Desktop/gmtk/src/gmtk-2021/rooms/Room1/Room1.yy
[11-06-2021 16:30:17] Reading C:/Users/charl/Desktop/gmtk/src/gmtk-2021/rooms/Room1/Room1.yy
[11-06-2021 16:30:17] Par: "folders/Rooms" at dir: "C:/Users/charl/Desktop/gmtk/src/gmtk-2021/rooms/Room1/Room1.yy"
[11-06-2021 16:30:17] Found Room: Room1
[11-06-2021 16:30:17] Current parent directory: C:/Users/charl/Desktop/gmtk/src/gmtk-2021/scripts
[11-06-2021 16:30:17] Checking vector
[11-06-2021 16:30:17] Directory: C:/Users/charl/Desktop/gmtk/src/gmtk-2021/scripts/vector
[11-06-2021 16:30:17] Checking new_keyboard
[11-06-2021 16:30:17] Directory: C:/Users/charl/Desktop/gmtk/src/gmtk-2021/scripts/new_keyboard
[11-06-2021 16:30:17] Checking assert
[11-06-2021 16:30:17] Directory: C:/Users/charl/Desktop/gmtk/src/gmtk-2021/scripts/assert
[11-06-2021 16:30:17] Current parent directory: C:/Users/charl/Desktop/gmtk/src/gmtk-2021/scripts/assert
[11-06-2021 16:30:17] Checking assert.yy
[11-06-2021 16:30:17] Parsing C:/Users/charl/Desktop/gmtk/src/gmtk-2021/scripts/assert/assert.yy
[11-06-2021 16:30:17] Reading C:/Users/charl/Desktop/gmtk/src/gmtk-2021/scripts/assert/assert.yy
[11-06-2021 16:30:17] Par: "folders/Scripts" at dir: "C:/Users/charl/Desktop/gmtk/src/gmtk-2021/scripts/assert/assert.yy"
[11-06-2021 16:30:17] Found Script: assert
[11-06-2021 16:30:17] Checking assert.gml
[11-06-2021 16:30:17] Current parent directory: C:/Users/charl/Desktop/gmtk/src/gmtk-2021/scripts/new_keyboard
[11-06-2021 16:30:17] Checking new_keyboard.yy
[11-06-2021 16:30:17] Parsing C:/Users/charl/Desktop/gmtk/src/gmtk-2021/scripts/new_keyboard/new_keyboard.yy
[11-06-2021 16:30:17] Reading C:/Users/charl/Desktop/gmtk/src/gmtk-2021/scripts/new_keyboard/new_keyboard.yy
[11-06-2021 16:30:17] Par: "folders/Scripts" at dir: "C:/Users/charl/Desktop/gmtk/src/gmtk-2021/scripts/new_keyboard/new_keyboard.yy"
[11-06-2021 16:30:17] Found Script: new_keyboard
[11-06-2021 16:30:17] Checking new_keyboard.gml
[11-06-2021 16:30:17] Current parent directory: C:/Users/charl/Desktop/gmtk/src/gmtk-2021/scripts/vector
[11-06-2021 16:30:17] Checking vector.yy
[11-06-2021 16:30:17] Parsing C:/Users/charl/Desktop/gmtk/src/gmtk-2021/scripts/vector/vector.yy
[11-06-2021 16:30:17] Reading C:/Users/charl/Desktop/gmtk/src/gmtk-2021/scripts/vector/vector.yy
[11-06-2021 16:30:17] Par: "folders/Scripts" at dir: "C:/Users/charl/Desktop/gmtk/src/gmtk-2021/scripts/vector/vector.yy"
[11-06-2021 16:30:17] Found Script: vector
[11-06-2021 16:30:17] Checking vector.gml
[11-06-2021 16:30:17] Current parent directory: C:/Users/charl/Desktop/gmtk/src/gmtk-2021/sequences
[11-06-2021 16:30:17] Current parent directory: C:/Users/charl/Desktop/gmtk/src/gmtk-2021/shaders
[11-06-2021 16:30:17] Current parent directory: C:/Users/charl/Desktop/gmtk/src/gmtk-2021/sounds
[11-06-2021 16:30:17] Current parent directory: C:/Users/charl/Desktop/gmtk/src/gmtk-2021/sprites
[11-06-2021 16:30:17] Checking spr_square
[11-06-2021 16:30:17] Directory: C:/Users/charl/Desktop/gmtk/src/gmtk-2021/sprites/spr_square
[11-06-2021 16:30:17] Checking spr_menu_button
[11-06-2021 16:30:17] Directory: C:/Users/charl/Desktop/gmtk/src/gmtk-2021/sprites/spr_menu_button
[11-06-2021 16:30:17] Checking spr_logo
[11-06-2021 16:30:17] Directory: C:/Users/charl/Desktop/gmtk/src/gmtk-2021/sprites/spr_logo
[11-06-2021 16:30:17] Checking spr_golf_kart
[11-06-2021 16:30:17] Directory: C:/Users/charl/Desktop/gmtk/src/gmtk-2021/sprites/spr_golf_kart
[11-06-2021 16:30:17] Current parent directory: C:/Users/charl/Desktop/gmtk/src/gmtk-2021/sprites/spr_golf_kart
[11-06-2021 16:30:17] Checking spr_golf_kart.yy
[11-06-2021 16:30:17] Parsing C:/Users/charl/Desktop/gmtk/src/gmtk-2021/sprites/spr_golf_kart/spr_golf_kart.yy
[11-06-2021 16:30:17] Reading C:/Users/charl/Desktop/gmtk/src/gmtk-2021/sprites/spr_golf_kart/spr_golf_kart.yy
[11-06-2021 16:30:17] Par: "folders/Sprites" at dir: "C:/Users/charl/Desktop/gmtk/src/gmtk-2021/sprites/spr_golf_kart/spr_golf_kart.yy"
[11-06-2021 16:30:17] Found Sprite: spr_golf_kart
[11-06-2021 16:30:17] Checking layers
[11-06-2021 16:30:17] Directory: C:/Users/charl/Desktop/gmtk/src/gmtk-2021/sprites/spr_golf_kart/layers
[11-06-2021 16:30:17] Checking d59744bb-6870-41b5-a397-901ea4b40749.png
[11-06-2021 16:30:17] Checking beede378-f86f-4f19-a1d0-ef0c1f28a98a.png
[11-06-2021 16:30:17] Checking a74cab92-a57e-4050-84c1-c6ec258d27f8.png
[11-06-2021 16:30:17] Checking 8d300024-f0c5-44a9-8cd6-3947d00779a9.png
[11-06-2021 16:30:17] Checking 6c6fa116-267b-43b7-ae5d-5ac36b354a23.png
[11-06-2021 16:30:17] Checking 4cda0908-5749-455f-b253-c89de145a274.png
[11-06-2021 16:30:17] Checking 4afb9c72-628a-4778-ad10-66ec903669eb.png
[11-06-2021 16:30:17] Checking 211c7b3d-28ee-464d-bd10-acf1d7bc439e.png
[11-06-2021 16:30:17] Checking 151201d4-96f3-4a27-88cc-0bb3a6b16017.png
[11-06-2021 16:30:17] Checking 036fc3ca-54c2-41d2-b9f7-f051ec7bb7fe.png
[11-06-2021 16:30:17] Current parent directory: C:/Users/charl/Desktop/gmtk/src/gmtk-2021/sprites/spr_golf_kart/layers
[11-06-2021 16:30:17] Checking d59744bb-6870-41b5-a397-901ea4b40749
[11-06-2021 16:30:17] Directory: C:/Users/charl/Desktop/gmtk/src/gmtk-2021/sprites/spr_golf_kart/layers/d59744bb-6870-41b5-a397-901ea4b40749
[11-06-2021 16:30:17] Checking beede378-f86f-4f19-a1d0-ef0c1f28a98a
[11-06-2021 16:30:17] Directory: C:/Users/charl/Desktop/gmtk/src/gmtk-2021/sprites/spr_golf_kart/layers/beede378-f86f-4f19-a1d0-ef0c1f28a98a
[11-06-2021 16:30:17] Checking a74cab92-a57e-4050-84c1-c6ec258d27f8
[11-06-2021 16:30:17] Directory: C:/Users/charl/Desktop/gmtk/src/gmtk-2021/sprites/spr_golf_kart/layers/a74cab92-a57e-4050-84c1-c6ec258d27f8
[11-06-2021 16:30:17] Checking 8d300024-f0c5-44a9-8cd6-3947d00779a9
[11-06-2021 16:30:17] Directory: C:/Users/charl/Desktop/gmtk/src/gmtk-2021/sprites/spr_golf_kart/layers/8d300024-f0c5-44a9-8cd6-3947d00779a9
[11-06-2021 16:30:17] Checking 6c6fa116-267b-43b7-ae5d-5ac36b354a23
[11-06-2021 16:30:17] Directory: C:/Users/charl/Desktop/gmtk/src/gmtk-2021/sprites/spr_golf_kart/layers/6c6fa116-267b-43b7-ae5d-5ac36b354a23
[11-06-2021 16:30:17] Checking 4cda0908-5749-455f-b253-c89de145a274
[11-06-2021 16:30:17] Directory: C:/Users/charl/Desktop/gmtk/src/gmtk-2021/sprites/spr_golf_kart/layers/4cda0908-5749-455f-b253-c89de145a274
[11-06-2021 16:30:17] Checking 4afb9c72-628a-4778-ad10-66ec903669eb
[11-06-2021 16:30:17] Directory: C:/Users/charl/Desktop/gmtk/src/gmtk-2021/sprites/spr_golf_kart/layers/4afb9c72-628a-4778-ad10-66ec903669eb
[11-06-2021 16:30:17] Checking 211c7b3d-28ee-464d-bd10-acf1d7bc439e
[11-06-2021 16:30:17] Directory: C:/Users/charl/Desktop/gmtk/src/gmtk-2021/sprites/spr_golf_kart/layers/211c7b3d-28ee-464d-bd10-acf1d7bc439e
[11-06-2021 16:30:17] Checking 151201d4-96f3-4a27-88cc-0bb3a6b16017
[11-06-2021 16:30:17] Directory: C:/Users/charl/Desktop/gmtk/src/gmtk-2021/sprites/spr_golf_kart/layers/151201d4-96f3-4a27-88cc-0bb3a6b16017
[11-06-2021 16:30:17] Checking 036fc3ca-54c2-41d2-b9f7-f051ec7bb7fe
[11-06-2021 16:30:17] Directory: C:/Users/charl/Desktop/gmtk/src/gmtk-2021/sprites/spr_golf_kart/layers/036fc3ca-54c2-41d2-b9f7-f051ec7bb7fe
[11-06-2021 16:30:17] Current parent directory: C:/Users/charl/Desktop/gmtk/src/gmtk-2021/sprites/spr_golf_kart/layers/036fc3ca-54c2-41d2-b9f7-f051ec7bb7fe
[11-06-2021 16:30:17] Checking a284e56b-4cd4-401a-acf9-319bb9e37867.png
[11-06-2021 16:30:17] Current parent directory: C:/Users/charl/Desktop/gmtk/src/gmtk-2021/sprites/spr_golf_kart/layers/151201d4-96f3-4a27-88cc-0bb3a6b16017
[11-06-2021 16:30:17] Checking a284e56b-4cd4-401a-acf9-319bb9e37867.png
[11-06-2021 16:30:17] Current parent directory: C:/Users/charl/Desktop/gmtk/src/gmtk-2021/sprites/spr_golf_kart/layers/211c7b3d-28ee-464d-bd10-acf1d7bc439e
[11-06-2021 16:30:17] Checking a284e56b-4cd4-401a-acf9-319bb9e37867.png
[11-06-2021 16:30:17] Current parent directory: C:/Users/charl/Desktop/gmtk/src/gmtk-2021/sprites/spr_golf_kart/layers/4afb9c72-628a-4778-ad10-66ec903669eb
[11-06-2021 16:30:17] Checking a284e56b-4cd4-401a-acf9-319bb9e37867.png
[11-06-2021 16:30:17] Current parent directory: C:/Users/charl/Desktop/gmtk/src/gmtk-2021/sprites/spr_golf_kart/layers/4cda0908-5749-455f-b253-c89de145a274
[11-06-2021 16:30:17] Checking a284e56b-4cd4-401a-acf9-319bb9e37867.png
[11-06-2021 16:30:17] Current parent directory: C:/Users/charl/Desktop/gmtk/src/gmtk-2021/sprites/spr_golf_kart/layers/6c6fa116-267b-43b7-ae5d-5ac36b354a23
[11-06-2021 16:30:17] Checking 66a51b1e-354f-4aaa-96f8-0796fb7841ba.png
[11-06-2021 16:30:17] Current parent directory: C:/Users/charl/Desktop/gmtk/src/gmtk-2021/sprites/spr_golf_kart/layers/8d300024-f0c5-44a9-8cd6-3947d00779a9
[11-06-2021 16:30:17] Checking a284e56b-4cd4-401a-acf9-319bb9e37867.png
[11-06-2021 16:30:17] Current parent directory: C:/Users/charl/Desktop/gmtk/src/gmtk-2021/sprites/spr_golf_kart/layers/a74cab92-a57e-4050-84c1-c6ec258d27f8
[11-06-2021 16:30:17] Checking a284e56b-4cd4-401a-acf9-319bb9e37867.png
[11-06-2021 16:30:17] Current parent directory: C:/Users/charl/Desktop/gmtk/src/gmtk-2021/sprites/spr_golf_kart/layers/beede378-f86f-4f19-a1d0-ef0c1f28a98a
[11-06-2021 16:30:17] Checking a284e56b-4cd4-401a-acf9-319bb9e37867.png
[11-06-2021 16:30:17] Current parent directory: C:/Users/charl/Desktop/gmtk/src/gmtk-2021/sprites/spr_golf_kart/layers/d59744bb-6870-41b5-a397-901ea4b40749
[11-06-2021 16:30:17] Checking a284e56b-4cd4-401a-acf9-319bb9e37867.png
[11-06-2021 16:30:17] Current parent directory: C:/Users/charl/Desktop/gmtk/src/gmtk-2021/sprites/spr_logo
[11-06-2021 16:30:17] Checking spr_logo.yy
[11-06-2021 16:30:17] Parsing C:/Users/charl/Desktop/gmtk/src/gmtk-2021/sprites/spr_logo/spr_logo.yy
[11-06-2021 16:30:17] Reading C:/Users/charl/Desktop/gmtk/src/gmtk-2021/sprites/spr_logo/spr_logo.yy
[11-06-2021 16:30:17] Par: "folders/Sprites" at dir: "C:/Users/charl/Desktop/gmtk/src/gmtk-2021/sprites/spr_logo/spr_logo.yy"
[11-06-2021 16:30:17] Found Sprite: spr_logo
[11-06-2021 16:30:17] Checking layers
[11-06-2021 16:30:17] Directory: C:/Users/charl/Desktop/gmtk/src/gmtk-2021/sprites/spr_logo/layers
[11-06-2021 16:30:17] Checking db1aac8c-2ad2-4cc6-8fec-f3e1d451982e.png
[11-06-2021 16:30:17] Current parent directory: C:/Users/charl/Desktop/gmtk/src/gmtk-2021/sprites/spr_logo/layers
[11-06-2021 16:30:17] Checking db1aac8c-2ad2-4cc6-8fec-f3e1d451982e
[11-06-2021 16:30:17] Directory: C:/Users/charl/Desktop/gmtk/src/gmtk-2021/sprites/spr_logo/layers/db1aac8c-2ad2-4cc6-8fec-f3e1d451982e
[11-06-2021 16:30:17] Current parent directory: C:/Users/charl/Desktop/gmtk/src/gmtk-2021/sprites/spr_logo/layers/db1aac8c-2ad2-4cc6-8fec-f3e1d451982e
[11-06-2021 16:30:17] Checking b577f49c-3c8a-4534-8045-8256216f9ac7.png
[11-06-2021 16:30:17] Current parent directory: C:/Users/charl/Desktop/gmtk/src/gmtk-2021/sprites/spr_menu_button
[11-06-2021 16:30:17] Checking spr_menu_button.yy
[11-06-2021 16:30:17] Parsing C:/Users/charl/Desktop/gmtk/src/gmtk-2021/sprites/spr_menu_button/spr_menu_button.yy
[11-06-2021 16:30:17] Reading C:/Users/charl/Desktop/gmtk/src/gmtk-2021/sprites/spr_menu_button/spr_menu_button.yy
[11-06-2021 16:30:17] Par: "folders/Sprites" at dir: "C:/Users/charl/Desktop/gmtk/src/gmtk-2021/sprites/spr_menu_button/spr_menu_button.yy"
[11-06-2021 16:30:17] Found Sprite: spr_menu_button
[11-06-2021 16:30:17] Checking layers
[11-06-2021 16:30:17] Directory: C:/Users/charl/Desktop/gmtk/src/gmtk-2021/sprites/spr_menu_button/layers
[11-06-2021 16:30:17] Checking 181607cc-022f-41ab-be87-091aa4b2095c.png
[11-06-2021 16:30:17] Current parent directory: C:/Users/charl/Desktop/gmtk/src/gmtk-2021/sprites/spr_menu_button/layers
[11-06-2021 16:30:17] Checking 181607cc-022f-41ab-be87-091aa4b2095c
[11-06-2021 16:30:17] Directory: C:/Users/charl/Desktop/gmtk/src/gmtk-2021/sprites/spr_menu_button/layers/181607cc-022f-41ab-be87-091aa4b2095c
[11-06-2021 16:30:17] Current parent directory: C:/Users/charl/Desktop/gmtk/src/gmtk-2021/sprites/spr_menu_button/layers/181607cc-022f-41ab-be87-091aa4b2095c
[11-06-2021 16:30:17] Checking 3f37a23a-271f-438f-b408-907772e80607.png
[11-06-2021 16:30:17] Current parent directory: C:/Users/charl/Desktop/gmtk/src/gmtk-2021/sprites/spr_square
[11-06-2021 16:30:17] Checking spr_square.yy
[11-06-2021 16:30:17] Parsing C:/Users/charl/Desktop/gmtk/src/gmtk-2021/sprites/spr_square/spr_square.yy
[11-06-2021 16:30:17] Reading C:/Users/charl/Desktop/gmtk/src/gmtk-2021/sprites/spr_square/spr_square.yy
[11-06-2021 16:30:17] Par: "folders/Sprites" at dir: "C:/Users/charl/Desktop/gmtk/src/gmtk-2021/sprites/spr_square/spr_square.yy"
[11-06-2021 16:30:17] Found Sprite: spr_square
[11-06-2021 16:30:17] Checking layers
[11-06-2021 16:30:17] Directory: C:/Users/charl/Desktop/gmtk/src/gmtk-2021/sprites/spr_square/layers
[11-06-2021 16:30:17] Checking 2984a70b-5796-40d4-9108-63e993c1933a.png
[11-06-2021 16:30:17] Current parent directory: C:/Users/charl/Desktop/gmtk/src/gmtk-2021/sprites/spr_square/layers
[11-06-2021 16:30:17] Checking 2984a70b-5796-40d4-9108-63e993c1933a
[11-06-2021 16:30:17] Directory: C:/Users/charl/Desktop/gmtk/src/gmtk-2021/sprites/spr_square/layers/2984a70b-5796-40d4-9108-63e993c1933a
[11-06-2021 16:30:17] Current parent directory: C:/Users/charl/Desktop/gmtk/src/gmtk-2021/sprites/spr_square/layers/2984a70b-5796-40d4-9108-63e993c1933a
[11-06-2021 16:30:17] Checking 8dcaf80f-83eb-4de8-9707-5974b0187018.png
[11-06-2021 16:30:17] Current parent directory: C:/Users/charl/Desktop/gmtk/src/gmtk-2021/tilesets
[11-06-2021 16:30:17] Current parent directory: C:/Users/charl/Desktop/gmtk/src/gmtk-2021/timelines
[11-06-2021 16:30:17] Moving files to trash...
[11-06-2021 16:30:17] Files yeeted successfully!
[11-06-2021 16:30:17] Generating YYP...
[11-06-2021 16:30:17] gmtk-2021.yyp created successfully!
